Unity Editor version:    6000.2.2f1 (ea398eefe1c2)
Branch:                  6000.2/staging
Build type:              Release
Batch mode:              YES
System name:             Linux
Distro version:          #1 SMP PREEMPT_DYNAMIC Thu, 28 Aug 2025 19:49:53 +0000
Kernel version:          6.16.4-arch1-1
Architecture:            x86_64
Window Protocol:         Wayland (XWayland)
Available memory:        32036 MB
Date:                    2025-09-02T03:45:02Z
[Licensing::Module] Trying to connect to existing licensing client channel...
[Licensing::IpcConnector] Successfully connected to: "LicenseClient-kai" at "2025-09-02T03:45:02.259602Z"
[SignatureVerifier] Application signature verification not supported on this platform.
[Licensing::Client] Error: HandshakeResponse reported an error:
	ResponseCode: 505
	ResponseStatus: Unsupported protocol version '1.17.2'.
[Licensing::Module] Error: Failed to handshake to channel: "LicenseClient-kai"
[Licensing::IpcConnector] LicenseClient-kai channel disconnected successfully.
[Licensing::IpcConnector] Successfully connected to: "LicenseClient-kai-6000.2.2" at "2025-09-02T03:45:02.262162Z"
[SignatureVerifier] Application signature verification not supported on this platform.
[Licensing::Client] Handshaking with LicensingClient:
  Version:                 1.17.2+ff71f16
  Session Id:              fbe3fe538e0b4f14a7414b98f637254b
  Correlation Id:          a43a1b60a81d19bcc51deccf75bc88d6
  External correlation Id: 1116949484599898770
  Machine Id:              fW0TfQbyG+jHDDA0bEVNR0EkpSo=
[Licensing::Module] Successfully connected to LicensingClient on channel: "LicenseClient-kai-6000.2.2" (connect: 0.00s, validation: 0.00s, handshake: 0.00s)
[Licensing::IpcConnector] Successfully connected to: "LicenseClient-kai-6000.2.2-notifications" at "2025-09-02T03:45:02.264967Z"
[Licensing::Module] Licensing Background thread has ended after 0.01s
Selected window backend: (null) 

(Unity:2082849): Gtk-WARNING **: 23:45:02.403: Theme parsing error: gtk.css:1:50: Failed to import: Operation not supported
Desktop is 1920 x 1080 @ 60 Hz
Initialize udev device monitor.

COMMAND LINE ARGUMENTS:
Unity
-adb2
-batchMode
-noUpm
-name
AssetImportWorker0
-projectPath
/home/kai/unity_projects/BeaverMovement3D_V2
-logFile
Logs/AssetImportWorker0.log
-srvPort
43451
-licensingIpc
LicenseClient-kai
-job-worker-count
5
-background-job-worker-count
8
-gc-helper-count
1
Successfully changed project path to: /home/kai/unity_projects/BeaverMovement3D_V2

(Unity:2082849): Gtk-CRITICAL **: 23:45:02.551: gtk_label_set_text: assertion 'GTK_IS_LABEL (label)' failed

(Unity:2082849): Gtk-CRITICAL **: 23:45:02.551: gtk_label_set_text: assertion 'GTK_IS_LABEL (label)' failed
/home/kai/unity_projects/BeaverMovement3D_V2
[UnityMemory] Configuration Parameters - Can be set up in boot.config
    "memorysetup-allocator-temp-initial-block-size-main=262144"
    "memorysetup-allocator-temp-initial-block-size-worker=262144"
    "memorysetup-bucket-allocator-granularity=16"
    "memorysetup-bucket-allocator-bucket-count=8"
    "memorysetup-bucket-allocator-block-size=33554432"
    "memorysetup-bucket-allocator-block-count=8"
    "memorysetup-main-allocator-block-size=16777216"
    "memorysetup-thread-allocator-block-size=16777216"
    "memorysetup-gfx-main-allocator-block-size=16777216"
    "memorysetup-gfx-thread-allocator-block-size=16777216"
    "memorysetup-cache-allocator-block-size=4194304"
    "memorysetup-typetree-allocator-block-size=2097152"
    "memorysetup-profiler-bucket-allocator-granularity=16"
    "memorysetup-profiler-bucket-allocator-bucket-count=8"
    "memorysetup-profiler-bucket-allocator-block-size=33554432"
    "memorysetup-profiler-bucket-allocator-block-count=8"
    "memorysetup-profiler-allocator-block-size=16777216"
    "memorysetup-profiler-editor-allocator-block-size=1048576"
    "memorysetup-temp-allocator-size-main=16777216"
    "memorysetup-job-temp-allocator-block-size=2097152"
    "memorysetup-job-temp-allocator-block-size-background=1048576"
    "memorysetup-job-temp-allocator-reduction-small-platforms=262144"
    "memorysetup-temp-allocator-size-background-worker=32768"
    "memorysetup-temp-allocator-size-job-worker=262144"
    "memorysetup-temp-allocator-size-preload-manager=33554432"
    "memorysetup-temp-allocator-size-nav-mesh-worker=65536"
    "memorysetup-temp-allocator-size-audio-worker=65536"
    "memorysetup-temp-allocator-size-cloud-worker=32768"
    "memorysetup-temp-allocator-size-gi-baking-worker=262144"
    "memorysetup-temp-allocator-size-gi-baking-worker=262144"
    "memorysetup-temp-allocator-size-gi-baking-worker=262144"
    "memorysetup-temp-allocator-size-gi-baking-worker=262144"
    "memorysetup-temp-allocator-size-gi-baking-worker=262144"
    "memorysetup-temp-allocator-size-gfx=262144"
Player connection [140011893451392]  Target information:

Player connection [140011893451392]  * "[IP] 192.168.0.130 [Port] 0 [Flags] 2 [Guid] 1487302578 [EditorId] 1487302578 [Version] 1048832 [Id] LinuxEditor(16,192.168.0.130) [Debug] 1 [PackageName] LinuxEditor [ProjectName] Editor" 

Player connection [140011893451392] Host joined multi-casting on [225.0.0.222:54997]...
Player connection [140011893451392] Host joined alternative multi-casting on [225.0.0.222:34997]...
JobSystem: Creating JobQueue using job-worker-count value 5
Input System module state changed to: Initialized.
[Physics::Module] Initialized fallback backend.
[Physics::Module] Id: 0xdecafbad
Library Redirect Path: Library/
[Physics::Module] Selected backend.
[Physics::Module] Name: PhysX
[Physics::Module] Id: 0xf2b8ea05
[Physics::Module] SDK Version: 4.1.2
[Physics::Module] Integration Version: 1.0.0
[Physics::Module] Threading Mode: Multi-Threaded
Refreshing native plugins compatible for Editor in 0.92 ms, found 0 plugins.
Preloading 0 native plugins for Editor in 0.00 ms.
Initialize engine version: 6000.2.2f1 (ea398eefe1c2)
[Subsystems] Discovering subsystems at path /home/kai/Unity/Hub/Editor/6000.2.2f1/Editor/Data/Resources/UnitySubsystems
[Subsystems] Discovering subsystems at path /home/kai/unity_projects/BeaverMovement3D_V2/Assets
kGfxThreadingModeNonThreaded is not supported on OpenGL Core. Reverting to kGfxThreadingModeDirect instead.
GfxDevice: creating device client; kGfxThreadingModeDirect
GLX Extensions: GLX_ARB_context_flush_control GLX_ARB_create_context GLX_ARB_create_context_no_error GLX_ARB_create_context_profile GLX_ARB_create_context_robustness GLX_ARB_fbconfig_float GLX_ARB_framebuffer_sRGB GLX_ARB_get_proc_address GLX_ARB_multisample GLX_EXT_buffer_age GLX_EXT_create_context_es2_profile GLX_EXT_create_context_es_profile GLX_EXT_fbconfig_packed_float GLX_EXT_framebuffer_sRGB GLX_EXT_no_config_context GLX_EXT_swap_control GLX_EXT_swap_control_tear GLX_EXT_texture_from_pixmap GLX_EXT_visual_info GLX_EXT_visual_rating GLX_MESA_copy_sub_buffer GLX_MESA_gl_interop GLX_MESA_query_renderer GLX_MESA_swap_control GLX_OML_sync_control GLX_SGIS_multisample GLX_SGIX_fbconfig GLX_SGIX_pbuffer GLX_SGIX_visual_select_group GLX_SGI_make_current_read GLX_SGI_video_sync 
Renderer: AMD Radeon RX 580 Series (radeonsi, polaris10, ACO, DRM 3.64, 6.16.4-arch1-1)
Vendor:   AMD
Version:  4.6 (Core Profile) Mesa 25.2.1-arch1.5
GLES:     0
 GL_AMD_conservative_depth GL_AMD_depth_clamp_separate GL_AMD_draw_buffers_blend GL_AMD_framebuffer_multisample_advanced GL_AMD_gpu_shader_int64 GL_AMD_multi_draw_indirect GL_AMD_performance_monitor GL_AMD_pinned_memory GL_AMD_query_buffer_object GL_AMD_seamless_cubemap_per_texture GL_AMD_shader_stencil_export GL_AMD_shader_trinary_minmax GL_AMD_texture_texture4 GL_AMD_vertex_shader_layer GL_AMD_vertex_shader_viewport_index GL_ANGLE_texture_compression_dxt3 GL_ANGLE_texture_compression_dxt5 GL_ARB_ES2_compatibility GL_ARB_ES3_1_compatibility GL_ARB_ES3_2_compatibility GL_ARB_ES3_compatibility GL_ARB_arrays_of_arrays GL_ARB_base_instance GL_ARB_bindless_texture GL_ARB_blend_func_extended GL_ARB_buffer_storage GL_ARB_clear_buffer_object GL_ARB_clear_texture GL_ARB_clip_control GL_ARB_color_buffer_float GL_ARB_compressed_texture_pixel_storage GL_ARB_compute_shader GL_ARB_compute_variable_group_size GL_ARB_conditional_render_inverted GL_ARB_conservative_depth GL_ARB_copy_buffer GL_ARB_copy_image GL_ARB_cull_dist
ance GL_ARB_debug_output GL_ARB_depth_buffer_float GL_ARB_depth_clamp GL_ARB_derivative_control GL_ARB_direct_state_access GL_ARB_draw_buffers GL_ARB_draw_buffers_blend GL_ARB_draw_elements_base_vertex GL_ARB_draw_indirect GL_ARB_draw_instanced GL_ARB_enhanced_layouts GL_ARB_explicit_attrib_location GL_ARB_explicit_uniform_location GL_ARB_fragment_coord_conventions GL_ARB_fragment_layer_viewport GL_ARB_fragment_shader GL_ARB_framebuffer_no_attachments GL_ARB_framebuffer_object GL_ARB_framebuffer_sRGB GL_ARB_get_program_binary GL_ARB_get_texture_sub_image GL_ARB_gl_spirv GL_ARB_gpu_shader5 GL_ARB_gpu_shader_fp64 GL_ARB_gpu_shader_int64 GL_ARB_half_float_pixel GL_ARB_half_float_vertex GL_ARB_indirect_parameters GL_ARB_instanced_arrays GL_ARB_internalformat_query GL_ARB_internalformat_query2 GL_ARB_invalidate_subdata GL_ARB_map_buffer_alignment GL_ARB_map_buffer_range GL_ARB_multi_bind GL_ARB_multi_draw_indirect GL_ARB_occlusion_query2 GL_ARB_parallel_shader_compile GL_ARB_pipeline_statistics_query GL_ARB_pixel
_buffer_object GL_ARB_point_sprite GL_ARB_polygon_offset_clamp GL_ARB_program_interface_query GL_ARB_provoking_vertex GL_ARB_query_buffer_object GL_ARB_robust_buffer_access_behavior GL_ARB_robustness GL_ARB_sample_shading GL_ARB_sampler_objects GL_ARB_seamless_cube_map GL_ARB_seamless_cubemap_per_texture GL_ARB_separate_shader_objects GL_ARB_shader_atomic_counter_ops GL_ARB_shader_atomic_counters GL_ARB_shader_ballot GL_ARB_shader_bit_encoding GL_ARB_shader_clock GL_ARB_shader_draw_parameters GL_ARB_shader_group_vote GL_ARB_shader_image_load_store GL_ARB_shader_image_size GL_ARB_shader_objects GL_ARB_shader_precision GL_ARB_shader_stencil_export GL_ARB_shader_storage_buffer_object GL_ARB_shader_subroutine GL_ARB_shader_texture_image_samples GL_ARB_shader_texture_lod GL_ARB_shader_viewport_layer_array GL_ARB_shading_language_420pack GL_ARB_shading_language_include GL_ARB_shading_language_packing GL_ARB_spirv_extensions GL_ARB_stencil_texturing GL_ARB_sync GL_ARB_tessellation_shader GL_ARB_texture_barrier GL_A
RB_texture_border_clamp GL_ARB_texture_buffer_object GL_ARB_texture_buffer_object_rgb32 GL_ARB_texture_buffer_range GL_ARB_texture_compression_bptc GL_ARB_texture_compression_rgtc GL_ARB_texture_cube_map_array GL_ARB_texture_filter_anisotropic GL_ARB_texture_filter_minmax GL_ARB_texture_float GL_ARB_texture_gather GL_ARB_texture_mirror_clamp_to_edge GL_ARB_texture_multisample GL_ARB_texture_non_power_of_two GL_ARB_texture_query_levels GL_ARB_texture_query_lod GL_ARB_texture_rectangle GL_ARB_texture_rg GL_ARB_texture_rgb10_a2ui GL_ARB_texture_stencil8 GL_ARB_texture_storage GL_ARB_texture_storage_multisample GL_ARB_texture_swizzle GL_ARB_texture_view GL_ARB_timer_query GL_ARB_transform_feedback2 GL_ARB_transform_feedback3 GL_ARB_transform_feedback_instanced GL_ARB_transform_feedback_overflow_query GL_ARB_uniform_buffer_object GL_ARB_vertex_array_bgra GL_ARB_vertex_array_object GL_ARB_vertex_attrib_64bit GL_ARB_vertex_attrib_binding GL_ARB_vertex_buffer_object GL_ARB_vertex_shader GL_ARB_vertex_type_10f_11f_11
f_rev GL_ARB_vertex_type_2_10_10_10_rev GL_ARB_viewport_array GL_ATI_blend_equation_separate GL_ATI_meminfo GL_ATI_texture_float GL_ATI_texture_mirror_once GL_EXT_EGL_image_storage GL_EXT_EGL_image_storage_compression GL_EXT_EGL_sync GL_EXT_abgr GL_EXT_blend_equation_separate GL_EXT_debug_label GL_EXT_demote_to_helper_invocation GL_EXT_depth_bounds_test GL_EXT_draw_buffers2 GL_EXT_draw_instanced GL_EXT_framebuffer_blit GL_EXT_framebuffer_multisample GL_EXT_framebuffer_multisample_blit_scaled GL_EXT_framebuffer_object GL_EXT_framebuffer_sRGB GL_EXT_memory_object GL_EXT_memory_object_fd GL_EXT_packed_depth_stencil GL_EXT_packed_float GL_EXT_pixel_buffer_object GL_EXT_polygon_offset_clamp GL_EXT_provoking_vertex GL_EXT_semaphore GL_EXT_semaphore_fd GL_EXT_shader_clock GL_EXT_shader_image_load_formatted GL_EXT_shader_image_load_store GL_EXT_shader_integer_mix GL_EXT_shader_samples_identical GL_EXT_texture_array GL_EXT_texture_compression_dxt1 GL_EXT_texture_compression_rgtc GL_EXT_texture_compression_s3tc GL_EXT
_texture_filter_anisotropic GL_EXT_texture_filter_minmax GL_EXT_texture_integer GL_EXT_texture_mirror_clamp GL_EXT_texture_sRGB GL_EXT_texture_sRGB_R8 GL_EXT_texture_sRGB_decode GL_EXT_texture_shadow_lod GL_EXT_texture_shared_exponent GL_EXT_texture_snorm GL_EXT_texture_storage GL_EXT_texture_swizzle GL_EXT_timer_query GL_EXT_transform_feedback GL_EXT_vertex_array_bgra GL_EXT_vertex_attrib_64bit GL_EXT_window_rectangles GL_IBM_multimode_draw_arrays GL_INTEL_blackhole_render GL_KHR_blend_equation_advanced GL_KHR_context_flush_control GL_KHR_debug GL_KHR_no_error GL_KHR_parallel_shader_compile GL_KHR_robust_buffer_access_behavior GL_KHR_robustness GL_KHR_shader_subgroup GL_KHR_texture_compression_astc_ldr GL_KHR_texture_compression_astc_sliced_3d GL_MESA_framebuffer_flip_y GL_MESA_pack_invert GL_MESA_shader_integer_functions GL_MESA_texture_const_bandwidth GL_MESA_texture_signed_rgba GL_NVX_gpu_memory_info GL_NV_alpha_to_coverage_dither_control GL_NV_compute_shader_derivatives GL_NV_conditional_render GL_NV_co
py_image GL_NV_depth_clamp GL_NV_packed_depth_stencil GL_NV_shader_atomic_int64 GL_NV_texture_barrier GL_NV_vdpau_interop GL_OES_EGL_image GL_S3_s3tc
OPENGL LOG: Creating OpenGL 4.6 graphics device ; Context level  <OpenGL 4.5> ; Context handle -1802655424
Shader Hidden/ProbeVolume/VoxelizeScene is not supported: GPU does not support conservative rasterization
Initialize mono
Mono path[0] = '/home/kai/Unity/Hub/Editor/6000.2.2f1/Editor/Data/Managed'
Mono path[1] = '/home/kai/Unity/Hub/Editor/6000.2.2f1/Editor/Data/MonoBleedingEdge/lib/mono/unityjit-linux'
Mono config path = '/home/kai/Unity/Hub/Editor/6000.2.2f1/Editor/Data/MonoBleedingEdge/etc'
Using monoOptions --debugger-agent=transport=dt_socket,embedding=1,server=y,suspend=n,address=127.0.0.1:56849
Begin MonoManager ReloadAssembly
Registering precompiled unity dll's ...
Register platform support module: /home/kai/Unity/Hub/Editor/6000.2.2f1/Editor/Data/PlaybackEngines/LinuxStandaloneSupport/UnityEditor.LinuxStandalone.Extensions.dll
Registered in 0.001897 seconds.
- Loaded All Assemblies, in  0.328 seconds
Native extension for LinuxStandalone target not found
Mono: successfully reloaded assembly
- Finished resetting the current domain, in  0.376 seconds
Domain Reload Profiling: 703ms
	BeginReloadAssembly (71ms)
		ExecutionOrderSort (0ms)
		DisableScriptedObjects (0ms)
		BackupInstance (0ms)
		ReleaseScriptingObjects (0ms)
		CreateAndSetChildDomain (1ms)
	RebuildCommonClasses (41ms)
	RebuildNativeTypeToScriptingClass (10ms)
	initialDomainReloadingComplete (51ms)
	LoadAllAssembliesAndSetupDomain (154ms)
		LoadAssemblies (70ms)
		RebuildTransferFunctionScriptingTraits (0ms)
		AnalyzeDomain (152ms)
			TypeCache.Refresh (151ms)
				TypeCache.ScanAssembly (138ms)
			BuildScriptInfoCaches (0ms)
			ResolveRequiredComponents (0ms)
	FinalizeReload (376ms)
		ReleaseScriptCaches (0ms)
		RebuildScriptCaches (0ms)
		SetupLoadedEditorAssemblies (327ms)
			LogAssemblyErrors (0ms)
			InitializePlatformSupportModulesInManaged (48ms)
			SetLoadedEditorAssemblies (5ms)
			BeforeProcessingInitializeOnLoad (76ms)
			ProcessInitializeOnLoadAttributes (129ms)
			ProcessInitializeOnLoadMethodAttributes (69ms)
			AfterProcessingInitializeOnLoad (0ms)
			EditorAssembliesLoaded (0ms)
		ExecutionOrderSort2 (0ms)
		AwakeInstancesAfterBackupRestoration (0ms)
========================================================================
Worker process is ready to serve import requests
Import Worker Mode flag is 0x00
Begin MonoManager ReloadAssembly
[Licensing::Client] Successfully resolved entitlement details
[Licensing::Module] License group:
  Id: 5875854-UnityPersXXXX
  Product: Unity Personal
  Type: Assigned
  Expiration: Unlimited
- Loaded All Assemblies, in  0.677 seconds
Refreshing native plugins compatible for Editor in 0.33 ms, found 0 plugins.
Native extension for LinuxStandalone target not found
Package Manager log level set to [2]
[Package Manager] Failed to launch server process. Reason: Unity was launched with the -noUpm command-line argument
[Package Manager] Unable to send message (not connected to server process).
[Package Manager] Cannot connect to Unity Package Manager local server
Mono: successfully reloaded assembly
- Finished resetting the current domain, in  0.694 seconds
Domain Reload Profiling: 1368ms
	BeginReloadAssembly (132ms)
		ExecutionOrderSort (0ms)
		DisableScriptedObjects (7ms)
		BackupInstance (0ms)
		ReleaseScriptingObjects (0ms)
		CreateAndSetChildDomain (28ms)
	RebuildCommonClasses (48ms)
	RebuildNativeTypeToScriptingClass (13ms)
	initialDomainReloadingComplete (46ms)
	LoadAllAssembliesAndSetupDomain (435ms)
		LoadAssemblies (224ms)
		RebuildTransferFunctionScriptingTraits (0ms)
		AnalyzeDomain (262ms)
			TypeCache.Refresh (194ms)
				TypeCache.ScanAssembly (178ms)
			BuildScriptInfoCaches (53ms)
			ResolveRequiredComponents (12ms)
	FinalizeReload (694ms)
		ReleaseScriptCaches (0ms)
		RebuildScriptCaches (0ms)
		SetupLoadedEditorAssemblies (515ms)
			LogAssemblyErrors (0ms)
			InitializePlatformSupportModulesInManaged (2ms)
			SetLoadedEditorAssemblies (5ms)
			BeforeProcessingInitializeOnLoad (126ms)
			ProcessInitializeOnLoadAttributes (332ms)
			ProcessInitializeOnLoadMethodAttributes (45ms)
			AfterProcessingInitializeOnLoad (5ms)
			EditorAssembliesLoaded (0ms)
		ExecutionOrderSort2 (0ms)
		AwakeInstancesAfterBackupRestoration (4ms)
Shader Hidden/ProbeVolume/VoxelizeScene is not supported: GPU does not support conservative rasterization
AutoLocale: current locale expects 'C' but got 'en_US.UTF-8'Launched and connected shader compiler UnityShaderCompiler after 0.01 seconds
Refreshing native plugins compatible for Editor in 0.39 ms, found 0 plugins.
Preloading 0 native plugins for Editor in 0.00 ms.
Unloading 14 Unused Serialized files (Serialized files now loaded: 0)
Unloading 6102 unused Assets / (4.9 MB). Loaded Objects now: 6808.
Memory consumption went from 121.7 MB to 116.8 MB.
Total: 9.768279 ms (FindLiveObjects: 0.757571 ms CreateObjectMapping: 0.397526 ms MarkObjects: 6.275879 ms  DeleteObjects: 2.336571 ms)

========================================================================
Received Prepare
Begin MonoManager ReloadAssembly
- Loaded All Assemblies, in  0.581 seconds
Refreshing native plugins compatible for Editor in 0.33 ms, found 0 plugins.
Native extension for LinuxStandalone target not found
[Package Manager] Failed to launch server process. Reason: Unity was launched with the -noUpm command-line argument
[Package Manager] Unable to send message (not connected to server process).
[Package Manager] Cannot connect to Unity Package Manager local server
Mono: successfully reloaded assembly
- Finished resetting the current domain, in  0.627 seconds
Domain Reload Profiling: 1209ms
	BeginReloadAssembly (159ms)
		ExecutionOrderSort (0ms)
		DisableScriptedObjects (6ms)
		BackupInstance (0ms)
		ReleaseScriptingObjects (0ms)
		CreateAndSetChildDomain (54ms)
	RebuildCommonClasses (39ms)
	RebuildNativeTypeToScriptingClass (9ms)
	initialDomainReloadingComplete (26ms)
	LoadAllAssembliesAndSetupDomain (348ms)
		LoadAssemblies (231ms)
		RebuildTransferFunctionScriptingTraits (0ms)
		AnalyzeDomain (165ms)
			TypeCache.Refresh (7ms)
				TypeCache.ScanAssembly (0ms)
			BuildScriptInfoCaches (146ms)
			ResolveRequiredComponents (10ms)
	FinalizeReload (627ms)
		ReleaseScriptCaches (0ms)
		RebuildScriptCaches (0ms)
		SetupLoadedEditorAssemblies (476ms)
			LogAssemblyErrors (0ms)
			InitializePlatformSupportModulesInManaged (2ms)
			SetLoadedEditorAssemblies (4ms)
			BeforeProcessingInitializeOnLoad (121ms)
			ProcessInitializeOnLoadAttributes (298ms)
			ProcessInitializeOnLoadMethodAttributes (45ms)
			AfterProcessingInitializeOnLoad (5ms)
			EditorAssembliesLoaded (0ms)
		ExecutionOrderSort2 (0ms)
		AwakeInstancesAfterBackupRestoration (12ms)
Shader Hidden/ProbeVolume/VoxelizeScene is not supported: GPU does not support conservative rasterization
Refreshing native plugins compatible for Editor in 0.40 ms, found 0 plugins.
Preloading 0 native plugins for Editor in 0.00 ms.
Unloading 14 Unused Serialized files (Serialized files now loaded: 0)
Unloading 6098 unused Assets / (4.7 MB). Loaded Objects now: 6823.
Memory consumption went from 125.2 MB to 120.5 MB.
Total: 8.820301 ms (FindLiveObjects: 0.979166 ms CreateObjectMapping: 0.304331 ms MarkObjects: 5.432959 ms  DeleteObjects: 2.102854 ms)

Prepare: number of updated asset objects reloaded= 0
========================================================================
Received Prepare
Shader Hidden/ProbeVolume/VoxelizeScene is not supported: GPU does not support conservative rasterization
Refreshing native plugins compatible for Editor in 0.39 ms, found 0 plugins.
Preloading 0 native plugins for Editor in 0.00 ms.
Unloading 14 Unused Serialized files (Serialized files now loaded: 0)
Unloading 6091 unused Assets / (3.6 MB). Loaded Objects now: 6823.
Memory consumption went from 125.3 MB to 121.7 MB.
Total: 9.079798 ms (FindLiveObjects: 0.784561 ms CreateObjectMapping: 0.295104 ms MarkObjects: 5.878173 ms  DeleteObjects: 2.120827 ms)

Prepare: number of updated asset objects reloaded= 0
========================================================================
Received Import Request.
  Time since last request: 106162.672318 seconds.
  path: Assets/Scripts/PlayerMovement.cs
  artifactKey: Guid(2a9d3011af03b4e56a49601b0893d78a) Importer(815301076,1909f56bfc062723c751e8b465ee728b)
Start importing Assets/Scripts/PlayerMovement.cs using Guid(2a9d3011af03b4e56a49601b0893d78a) Importer(815301076,1909f56bfc062723c751e8b465ee728b) (PreviewImporter) -> (artifact id: 'de09c1078380b5323ec81d3eb0a78427') in 0.005260044 seconds
Number of updated asset objects reloaded before import = 0Number of asset objects unloaded after import = 0

========================================================================
Received Prepare
Begin MonoManager ReloadAssembly
- Loaded All Assemblies, in  0.572 seconds
Refreshing native plugins compatible for Editor in 0.33 ms, found 0 plugins.
Native extension for LinuxStandalone target not found
[Package Manager] Failed to launch server process. Reason: Unity was launched with the -noUpm command-line argument
[Package Manager] Unable to send message (not connected to server process).
[Package Manager] Cannot connect to Unity Package Manager local server
Mono: successfully reloaded assembly
- Finished resetting the current domain, in  0.627 seconds
Domain Reload Profiling: 1200ms
	BeginReloadAssembly (140ms)
		ExecutionOrderSort (0ms)
		DisableScriptedObjects (5ms)
		BackupInstance (0ms)
		ReleaseScriptingObjects (0ms)
		CreateAndSetChildDomain (43ms)
	RebuildCommonClasses (39ms)
	RebuildNativeTypeToScriptingClass (10ms)
	initialDomainReloadingComplete (26ms)
	LoadAllAssembliesAndSetupDomain (357ms)
		LoadAssemblies (229ms)
		RebuildTransferFunctionScriptingTraits (0ms)
		AnalyzeDomain (169ms)
			TypeCache.Refresh (6ms)
				TypeCache.ScanAssembly (0ms)
			BuildScriptInfoCaches (151ms)
			ResolveRequiredComponents (10ms)
	FinalizeReload (628ms)
		ReleaseScriptCaches (0ms)
		RebuildScriptCaches (0ms)
		SetupLoadedEditorAssemblies (478ms)
			LogAssemblyErrors (0ms)
			InitializePlatformSupportModulesInManaged (2ms)
			SetLoadedEditorAssemblies (5ms)
			BeforeProcessingInitializeOnLoad (125ms)
			ProcessInitializeOnLoadAttributes (292ms)
			ProcessInitializeOnLoadMethodAttributes (48ms)
			AfterProcessingInitializeOnLoad (5ms)
			EditorAssembliesLoaded (0ms)
		ExecutionOrderSort2 (0ms)
		AwakeInstancesAfterBackupRestoration (12ms)
Shader Hidden/ProbeVolume/VoxelizeScene is not supported: GPU does not support conservative rasterization
Refreshing native plugins compatible for Editor in 0.40 ms, found 0 plugins.
Preloading 0 native plugins for Editor in 0.00 ms.
Unloading 14 Unused Serialized files (Serialized files now loaded: 0)
Unloading 6098 unused Assets / (3.7 MB). Loaded Objects now: 6827.
Memory consumption went from 125.9 MB to 122.2 MB.
Total: 8.216519 ms (FindLiveObjects: 0.764784 ms CreateObjectMapping: 0.266770 ms MarkObjects: 5.353620 ms  DeleteObjects: 1.830523 ms)

Prepare: number of updated asset objects reloaded= 0
========================================================================
Received Prepare
Begin MonoManager ReloadAssembly
- Loaded All Assemblies, in  0.577 seconds
Refreshing native plugins compatible for Editor in 0.34 ms, found 0 plugins.
Native extension for LinuxStandalone target not found
[Package Manager] Failed to launch server process. Reason: Unity was launched with the -noUpm command-line argument
[Package Manager] Unable to send message (not connected to server process).
[Package Manager] Cannot connect to Unity Package Manager local server
Mono: successfully reloaded assembly
- Finished resetting the current domain, in  0.634 seconds
Domain Reload Profiling: 1211ms
	BeginReloadAssembly (154ms)
		ExecutionOrderSort (0ms)
		DisableScriptedObjects (6ms)
		BackupInstance (0ms)
		ReleaseScriptingObjects (0ms)
		CreateAndSetChildDomain (42ms)
	RebuildCommonClasses (40ms)
	RebuildNativeTypeToScriptingClass (9ms)
	initialDomainReloadingComplete (27ms)
	LoadAllAssembliesAndSetupDomain (347ms)
		LoadAssemblies (231ms)
		RebuildTransferFunctionScriptingTraits (0ms)
		AnalyzeDomain (168ms)
			TypeCache.Refresh (7ms)
				TypeCache.ScanAssembly (0ms)
			BuildScriptInfoCaches (150ms)
			ResolveRequiredComponents (10ms)
	FinalizeReload (634ms)
		ReleaseScriptCaches (0ms)
		RebuildScriptCaches (0ms)
		SetupLoadedEditorAssemblies (490ms)
			LogAssemblyErrors (0ms)
			InitializePlatformSupportModulesInManaged (2ms)
			SetLoadedEditorAssemblies (5ms)
			BeforeProcessingInitializeOnLoad (130ms)
			ProcessInitializeOnLoadAttributes (297ms)
			ProcessInitializeOnLoadMethodAttributes (50ms)
			AfterProcessingInitializeOnLoad (5ms)
			EditorAssembliesLoaded (0ms)
		ExecutionOrderSort2 (0ms)
		AwakeInstancesAfterBackupRestoration (12ms)
Shader Hidden/ProbeVolume/VoxelizeScene is not supported: GPU does not support conservative rasterization
Refreshing native plugins compatible for Editor in 0.53 ms, found 0 plugins.
Preloading 0 native plugins for Editor in 0.00 ms.
Unloading 14 Unused Serialized files (Serialized files now loaded: 0)
Unloading 6098 unused Assets / (4.4 MB). Loaded Objects now: 6829.
Memory consumption went from 125.9 MB to 121.5 MB.
Total: 9.466503 ms (FindLiveObjects: 1.144326 ms CreateObjectMapping: 0.364423 ms MarkObjects: 5.634005 ms  DeleteObjects: 2.322756 ms)

Prepare: number of updated asset objects reloaded= 0
========================================================================
Received Prepare
Begin MonoManager ReloadAssembly
- Loaded All Assemblies, in  0.567 seconds
Refreshing native plugins compatible for Editor in 0.32 ms, found 0 plugins.
Native extension for LinuxStandalone target not found
[Package Manager] Failed to launch server process. Reason: Unity was launched with the -noUpm command-line argument
[Package Manager] Unable to send message (not connected to server process).
[Package Manager] Cannot connect to Unity Package Manager local server
Mono: successfully reloaded assembly
- Finished resetting the current domain, in  0.624 seconds
Domain Reload Profiling: 1193ms
	BeginReloadAssembly (146ms)
		ExecutionOrderSort (0ms)
		DisableScriptedObjects (5ms)
		BackupInstance (0ms)
		ReleaseScriptingObjects (0ms)
		CreateAndSetChildDomain (45ms)
	RebuildCommonClasses (38ms)
	RebuildNativeTypeToScriptingClass (10ms)
	initialDomainReloadingComplete (26ms)
	LoadAllAssembliesAndSetupDomain (347ms)
		LoadAssemblies (224ms)
		RebuildTransferFunctionScriptingTraits (0ms)
		AnalyzeDomain (168ms)
			TypeCache.Refresh (6ms)
				TypeCache.ScanAssembly (0ms)
			BuildScriptInfoCaches (150ms)
			ResolveRequiredComponents (9ms)
	FinalizeReload (625ms)
		ReleaseScriptCaches (0ms)
		RebuildScriptCaches (0ms)
		SetupLoadedEditorAssemblies (480ms)
			LogAssemblyErrors (0ms)
			InitializePlatformSupportModulesInManaged (2ms)
			SetLoadedEditorAssemblies (5ms)
			BeforeProcessingInitializeOnLoad (128ms)
			ProcessInitializeOnLoadAttributes (295ms)
			ProcessInitializeOnLoadMethodAttributes (45ms)
			AfterProcessingInitializeOnLoad (5ms)
			EditorAssembliesLoaded (0ms)
		ExecutionOrderSort2 (0ms)
		AwakeInstancesAfterBackupRestoration (11ms)
Shader Hidden/ProbeVolume/VoxelizeScene is not supported: GPU does not support conservative rasterization
Refreshing native plugins compatible for Editor in 0.48 ms, found 0 plugins.
Preloading 0 native plugins for Editor in 0.00 ms.
Unloading 14 Unused Serialized files (Serialized files now loaded: 0)
Unloading 6098 unused Assets / (3.9 MB). Loaded Objects now: 6831.
Memory consumption went from 126.0 MB to 122.0 MB.
Total: 8.339099 ms (FindLiveObjects: 0.754846 ms CreateObjectMapping: 0.257583 ms MarkObjects: 5.458787 ms  DeleteObjects: 1.867091 ms)

Prepare: number of updated asset objects reloaded= 0
========================================================================
Received Import Request.
  Time since last request: 159.826697 seconds.
  path: Assets/Scripts/GridLogic.cs
  artifactKey: Guid(23b7582cb74cb6e1698f6c87263bcc36) Importer(815301076,1909f56bfc062723c751e8b465ee728b)
Start importing Assets/Scripts/GridLogic.cs using Guid(23b7582cb74cb6e1698f6c87263bcc36) Importer(815301076,1909f56bfc062723c751e8b465ee728b) (PreviewImporter) -> (artifact id: '350d7401f0e19d91a505fa1d05784a95') in 0.00158898 seconds
Number of updated asset objects reloaded before import = 0Number of asset objects unloaded after import = 0

========================================================================
Received Import Request.
  Time since last request: 0.600370 seconds.
  path: Assets/Scripts/GridManager.cs
  artifactKey: Guid(4c4b0fb9002e7248797695e4d51929bb) Importer(815301076,1909f56bfc062723c751e8b465ee728b)
Start importing Assets/Scripts/GridManager.cs using Guid(4c4b0fb9002e7248797695e4d51929bb) Importer(815301076,1909f56bfc062723c751e8b465ee728b) (PreviewImporter) -> (artifact id: '00000000000000000000000000000000') in 0.00050684 seconds
Import Error Code:(4)
Message: Build asset version error: assets/scripts/gridmanager.cs in SourceAssetDB has modification time of '2025-09-02T03:45:01Z' while content on disk has modification time of '2025-09-02T03:47:40Z'
  ERROR: Build asset version error: assets/scripts/gridmanager.cs in SourceAssetDB has modification time of '2025-09-02T03:45:01Z' while content on disk has modification time of '2025-09-02T03:47:40Z'
Number of updated asset objects reloaded before import = 0Number of asset objects unloaded after import = 0

========================================================================
Received Import Request.
  Time since last request: 0.000017 seconds.
  path: Assets/Scripts/GridManager.cs
  artifactKey: Guid(4c4b0fb9002e7248797695e4d51929bb) Importer(815301076,1909f56bfc062723c751e8b465ee728b)
Start importing Assets/Scripts/GridManager.cs using Guid(4c4b0fb9002e7248797695e4d51929bb) Importer(815301076,1909f56bfc062723c751e8b465ee728b) (PreviewImporter) -> (artifact id: '00000000000000000000000000000000') in 0.00041047 seconds
Import Error Code:(4)
Message: Build asset version error: assets/scripts/gridmanager.cs in SourceAssetDB has modification time of '2025-09-02T03:45:01Z' while content on disk has modification time of '2025-09-02T03:47:40Z'
  ERROR: Build asset version error: assets/scripts/gridmanager.cs in SourceAssetDB has modification time of '2025-09-02T03:45:01Z' while content on disk has modification time of '2025-09-02T03:47:40Z'
Number of updated asset objects reloaded before import = 0Number of asset objects unloaded after import = 0

========================================================================
Received Import Request.
  Time since last request: 0.000011 seconds.
  path: Assets/Scripts/GridManager.cs
  artifactKey: Guid(4c4b0fb9002e7248797695e4d51929bb) Importer(815301076,1909f56bfc062723c751e8b465ee728b)
Start importing Assets/Scripts/GridManager.cs using Guid(4c4b0fb9002e7248797695e4d51929bb) Importer(815301076,1909f56bfc062723c751e8b465ee728b) (PreviewImporter) -> (artifact id: '00000000000000000000000000000000') in 0.000319198 seconds
Import Error Code:(4)
Message: Build asset version error: assets/scripts/gridmanager.cs in SourceAssetDB has modification time of '2025-09-02T03:45:01Z' while content on disk has modification time of '2025-09-02T03:47:40Z'
  ERROR: Build asset version error: assets/scripts/gridmanager.cs in SourceAssetDB has modification time of '2025-09-02T03:45:01Z' while content on disk has modification time of '2025-09-02T03:47:40Z'
Number of updated asset objects reloaded before import = 0Number of asset objects unloaded after import = 0

========================================================================
Received Import Request.
  Time since last request: 0.000012 seconds.
  path: Assets/Scripts/GridManager.cs
  artifactKey: Guid(4c4b0fb9002e7248797695e4d51929bb) Importer(815301076,1909f56bfc062723c751e8b465ee728b)
Start importing Assets/Scripts/GridManager.cs using Guid(4c4b0fb9002e7248797695e4d51929bb) Importer(815301076,1909f56bfc062723c751e8b465ee728b) (PreviewImporter) -> (artifact id: '00000000000000000000000000000000') in 0.000346189 seconds
Import Error Code:(4)
Message: Build asset version error: assets/scripts/gridmanager.cs in SourceAssetDB has modification time of '2025-09-02T03:45:01Z' while content on disk has modification time of '2025-09-02T03:47:40Z'
  ERROR: Build asset version error: assets/scripts/gridmanager.cs in SourceAssetDB has modification time of '2025-09-02T03:45:01Z' while content on disk has modification time of '2025-09-02T03:47:40Z'
Number of updated asset objects reloaded before import = 0Number of asset objects unloaded after import = 0

========================================================================
Received Import Request.
  Time since last request: 0.000013 seconds.
  path: Assets/Scripts/GridManager.cs
  artifactKey: Guid(4c4b0fb9002e7248797695e4d51929bb) Importer(815301076,1909f56bfc062723c751e8b465ee728b)
Start importing Assets/Scripts/GridManager.cs using Guid(4c4b0fb9002e7248797695e4d51929bb) Importer(815301076,1909f56bfc062723c751e8b465ee728b) (PreviewImporter) -> (artifact id: '00000000000000000000000000000000') in 0.00037327 seconds
Import Error Code:(4)
Message: Build asset version error: assets/scripts/gridmanager.cs in SourceAssetDB has modification time of '2025-09-02T03:45:01Z' while content on disk has modification time of '2025-09-02T03:47:40Z'
  ERROR: Build asset version error: assets/scripts/gridmanager.cs in SourceAssetDB has modification time of '2025-09-02T03:45:01Z' while content on disk has modification time of '2025-09-02T03:47:40Z'
Number of updated asset objects reloaded before import = 0Number of asset objects unloaded after import = 0

========================================================================
Received Import Request.
  Time since last request: 0.000012 seconds.
  path: Assets/Scripts/GridManager.cs
  artifactKey: Guid(4c4b0fb9002e7248797695e4d51929bb) Importer(815301076,1909f56bfc062723c751e8b465ee728b)
Start importing Assets/Scripts/GridManager.cs using Guid(4c4b0fb9002e7248797695e4d51929bb) Importer(815301076,1909f56bfc062723c751e8b465ee728b) (PreviewImporter) -> (artifact id: '00000000000000000000000000000000') in 0.000363371 seconds
Import Error Code:(4)
Message: Build asset version error: assets/scripts/gridmanager.cs in SourceAssetDB has modification time of '2025-09-02T03:45:01Z' while content on disk has modification time of '2025-09-02T03:47:40Z'
  ERROR: Build asset version error: assets/scripts/gridmanager.cs in SourceAssetDB has modification time of '2025-09-02T03:45:01Z' while content on disk has modification time of '2025-09-02T03:47:40Z'
Number of updated asset objects reloaded before import = 0Number of asset objects unloaded after import = 0

========================================================================
Received Import Request.
  Time since last request: 0.000013 seconds.
  path: Assets/Scripts/GridManager.cs
  artifactKey: Guid(4c4b0fb9002e7248797695e4d51929bb) Importer(815301076,1909f56bfc062723c751e8b465ee728b)
Start importing Assets/Scripts/GridManager.cs using Guid(4c4b0fb9002e7248797695e4d51929bb) Importer(815301076,1909f56bfc062723c751e8b465ee728b) (PreviewImporter) -> (artifact id: '00000000000000000000000000000000') in 0.000275637 seconds
Import Error Code:(4)
Message: Build asset version error: assets/scripts/gridmanager.cs in SourceAssetDB has modification time of '2025-09-02T03:45:01Z' while content on disk has modification time of '2025-09-02T03:47:40Z'
  ERROR: Build asset version error: assets/scripts/gridmanager.cs in SourceAssetDB has modification time of '2025-09-02T03:45:01Z' while content on disk has modification time of '2025-09-02T03:47:40Z'
Number of updated asset objects reloaded before import = 0Number of asset objects unloaded after import = 0

========================================================================
Received Import Request.
  Time since last request: 0.000018 seconds.
  path: Assets/Scripts/GridManager.cs
  artifactKey: Guid(4c4b0fb9002e7248797695e4d51929bb) Importer(815301076,1909f56bfc062723c751e8b465ee728b)
Start importing Assets/Scripts/GridManager.cs using Guid(4c4b0fb9002e7248797695e4d51929bb) Importer(815301076,1909f56bfc062723c751e8b465ee728b) (PreviewImporter) -> (artifact id: '00000000000000000000000000000000') in 0.00024017 seconds
Import Error Code:(4)
Message: Build asset version error: assets/scripts/gridmanager.cs in SourceAssetDB has modification time of '2025-09-02T03:45:01Z' while content on disk has modification time of '2025-09-02T03:47:40Z'
  ERROR: Build asset version error: assets/scripts/gridmanager.cs in SourceAssetDB has modification time of '2025-09-02T03:45:01Z' while content on disk has modification time of '2025-09-02T03:47:40Z'
Number of updated asset objects reloaded before import = 0Number of asset objects unloaded after import = 0

========================================================================
Received Import Request.
  Time since last request: 0.000007 seconds.
  path: Assets/Scripts/GridManager.cs
  artifactKey: Guid(4c4b0fb9002e7248797695e4d51929bb) Importer(815301076,1909f56bfc062723c751e8b465ee728b)
Start importing Assets/Scripts/GridManager.cs using Guid(4c4b0fb9002e7248797695e4d51929bb) Importer(815301076,1909f56bfc062723c751e8b465ee728b) (PreviewImporter) -> (artifact id: '00000000000000000000000000000000') in 0.000235702 seconds
Import Error Code:(4)
Message: Build asset version error: assets/scripts/gridmanager.cs in SourceAssetDB has modification time of '2025-09-02T03:45:01Z' while content on disk has modification time of '2025-09-02T03:47:40Z'
  ERROR: Build asset version error: assets/scripts/gridmanager.cs in SourceAssetDB has modification time of '2025-09-02T03:45:01Z' while content on disk has modification time of '2025-09-02T03:47:40Z'
Number of updated asset objects reloaded before import = 0Number of asset objects unloaded after import = 0

========================================================================
Received Import Request.
  Time since last request: 0.000008 seconds.
  path: Assets/Scripts/GridManager.cs
  artifactKey: Guid(4c4b0fb9002e7248797695e4d51929bb) Importer(815301076,1909f56bfc062723c751e8b465ee728b)
Start importing Assets/Scripts/GridManager.cs using Guid(4c4b0fb9002e7248797695e4d51929bb) Importer(815301076,1909f56bfc062723c751e8b465ee728b) (PreviewImporter) -> (artifact id: '00000000000000000000000000000000') in 0.000246843 seconds
Import Error Code:(4)
Message: Build asset version error: assets/scripts/gridmanager.cs in SourceAssetDB has modification time of '2025-09-02T03:45:01Z' while content on disk has modification time of '2025-09-02T03:47:40Z'
  ERROR: Build asset version error: assets/scripts/gridmanager.cs in SourceAssetDB has modification time of '2025-09-02T03:45:01Z' while content on disk has modification time of '2025-09-02T03:47:40Z'
Number of updated asset objects reloaded before import = 0Number of asset objects unloaded after import = 0

========================================================================
Received Import Request.
  Time since last request: 0.000010 seconds.
  path: Assets/Scripts/GridManager.cs
  artifactKey: Guid(4c4b0fb9002e7248797695e4d51929bb) Importer(815301076,1909f56bfc062723c751e8b465ee728b)
Start importing Assets/Scripts/GridManager.cs using Guid(4c4b0fb9002e7248797695e4d51929bb) Importer(815301076,1909f56bfc062723c751e8b465ee728b) (PreviewImporter) -> (artifact id: '00000000000000000000000000000000') in 0.000344466 seconds
Import Error Code:(4)
Message: Build asset version error: assets/scripts/gridmanager.cs in SourceAssetDB has modification time of '2025-09-02T03:45:01Z' while content on disk has modification time of '2025-09-02T03:47:40Z'
  ERROR: Build asset version error: assets/scripts/gridmanager.cs in SourceAssetDB has modification time of '2025-09-02T03:45:01Z' while content on disk has modification time of '2025-09-02T03:47:40Z'
Number of updated asset objects reloaded before import = 0Number of asset objects unloaded after import = 0

========================================================================
Received Import Request.
  Time since last request: 0.000010 seconds.
  path: Assets/Scripts/GridManager.cs
  artifactKey: Guid(4c4b0fb9002e7248797695e4d51929bb) Importer(815301076,1909f56bfc062723c751e8b465ee728b)
Start importing Assets/Scripts/GridManager.cs using Guid(4c4b0fb9002e7248797695e4d51929bb) Importer(815301076,1909f56bfc062723c751e8b465ee728b) (PreviewImporter) -> (artifact id: '00000000000000000000000000000000') in 0.000349846 seconds
Import Error Code:(4)
Message: Build asset version error: assets/scripts/gridmanager.cs in SourceAssetDB has modification time of '2025-09-02T03:45:01Z' while content on disk has modification time of '2025-09-02T03:47:40Z'
  ERROR: Build asset version error: assets/scripts/gridmanager.cs in SourceAssetDB has modification time of '2025-09-02T03:45:01Z' while content on disk has modification time of '2025-09-02T03:47:40Z'
Number of updated asset objects reloaded before import = 0Number of asset objects unloaded after import = 0

========================================================================
Received Import Request.
  Time since last request: 0.000012 seconds.
  path: Assets/Scripts/GridManager.cs
  artifactKey: Guid(4c4b0fb9002e7248797695e4d51929bb) Importer(815301076,1909f56bfc062723c751e8b465ee728b)
Start importing Assets/Scripts/GridManager.cs using Guid(4c4b0fb9002e7248797695e4d51929bb) Importer(815301076,1909f56bfc062723c751e8b465ee728b) (PreviewImporter) -> (artifact id: '00000000000000000000000000000000') in 0.000357941 seconds
Import Error Code:(4)
Message: Build asset version error: assets/scripts/gridmanager.cs in SourceAssetDB has modification time of '2025-09-02T03:45:01Z' while content on disk has modification time of '2025-09-02T03:47:40Z'
  ERROR: Build asset version error: assets/scripts/gridmanager.cs in SourceAssetDB has modification time of '2025-09-02T03:45:01Z' while content on disk has modification time of '2025-09-02T03:47:40Z'
Number of updated asset objects reloaded before import = 0Number of asset objects unloaded after import = 0

========================================================================
Received Import Request.
  Time since last request: 0.000012 seconds.
  path: Assets/Scripts/GridManager.cs
  artifactKey: Guid(4c4b0fb9002e7248797695e4d51929bb) Importer(815301076,1909f56bfc062723c751e8b465ee728b)
Start importing Assets/Scripts/GridManager.cs using Guid(4c4b0fb9002e7248797695e4d51929bb) Importer(815301076,1909f56bfc062723c751e8b465ee728b) (PreviewImporter) -> (artifact id: '00000000000000000000000000000000') in 0.000368762 seconds
Import Error Code:(4)
Message: Build asset version error: assets/scripts/gridmanager.cs in SourceAssetDB has modification time of '2025-09-02T03:45:01Z' while content on disk has modification time of '2025-09-02T03:47:40Z'
  ERROR: Build asset version error: assets/scripts/gridmanager.cs in SourceAssetDB has modification time of '2025-09-02T03:45:01Z' while content on disk has modification time of '2025-09-02T03:47:40Z'
Number of updated asset objects reloaded before import = 0Number of asset objects unloaded after import = 0

========================================================================
Received Import Request.
  Time since last request: 0.000010 seconds.
  path: Assets/Scripts/GridManager.cs
  artifactKey: Guid(4c4b0fb9002e7248797695e4d51929bb) Importer(815301076,1909f56bfc062723c751e8b465ee728b)
Start importing Assets/Scripts/GridManager.cs using Guid(4c4b0fb9002e7248797695e4d51929bb) Importer(815301076,1909f56bfc062723c751e8b465ee728b) (PreviewImporter) -> (artifact id: '00000000000000000000000000000000') in 0.000302998 seconds
Import Error Code:(4)
Message: Build asset version error: assets/scripts/gridmanager.cs in SourceAssetDB has modification time of '2025-09-02T03:45:01Z' while content on disk has modification time of '2025-09-02T03:47:40Z'
  ERROR: Build asset version error: assets/scripts/gridmanager.cs in SourceAssetDB has modification time of '2025-09-02T03:45:01Z' while content on disk has modification time of '2025-09-02T03:47:40Z'
Number of updated asset objects reloaded before import = 0Number of asset objects unloaded after import = 0

========================================================================
Received Import Request.
  Time since last request: 0.000009 seconds.
  path: Assets/Scripts/GridManager.cs
  artifactKey: Guid(4c4b0fb9002e7248797695e4d51929bb) Importer(815301076,1909f56bfc062723c751e8b465ee728b)
Start importing Assets/Scripts/GridManager.cs using Guid(4c4b0fb9002e7248797695e4d51929bb) Importer(815301076,1909f56bfc062723c751e8b465ee728b) (PreviewImporter) -> (artifact id: '00000000000000000000000000000000') in 0.000349977 seconds
Import Error Code:(4)
Message: Build asset version error: assets/scripts/gridmanager.cs in SourceAssetDB has modification time of '2025-09-02T03:45:01Z' while content on disk has modification time of '2025-09-02T03:47:40Z'
  ERROR: Build asset version error: assets/scripts/gridmanager.cs in SourceAssetDB has modification time of '2025-09-02T03:45:01Z' while content on disk has modification time of '2025-09-02T03:47:40Z'
Number of updated asset objects reloaded before import = 0Number of asset objects unloaded after import = 0

========================================================================
Received Import Request.
  Time since last request: 0.000012 seconds.
  path: Assets/Scripts/GridManager.cs
  artifactKey: Guid(4c4b0fb9002e7248797695e4d51929bb) Importer(815301076,1909f56bfc062723c751e8b465ee728b)
Start importing Assets/Scripts/GridManager.cs using Guid(4c4b0fb9002e7248797695e4d51929bb) Importer(815301076,1909f56bfc062723c751e8b465ee728b) (PreviewImporter) -> (artifact id: '00000000000000000000000000000000') in 0.000364784 seconds
Import Error Code:(4)
Message: Build asset version error: assets/scripts/gridmanager.cs in SourceAssetDB has modification time of '2025-09-02T03:45:01Z' while content on disk has modification time of '2025-09-02T03:47:40Z'
  ERROR: Build asset version error: assets/scripts/gridmanager.cs in SourceAssetDB has modification time of '2025-09-02T03:45:01Z' while content on disk has modification time of '2025-09-02T03:47:40Z'
Number of updated asset objects reloaded before import = 0Number of asset objects unloaded after import = 0

========================================================================
Received Import Request.
  Time since last request: 0.000012 seconds.
  path: Assets/Scripts/GridManager.cs
  artifactKey: Guid(4c4b0fb9002e7248797695e4d51929bb) Importer(815301076,1909f56bfc062723c751e8b465ee728b)
Start importing Assets/Scripts/GridManager.cs using Guid(4c4b0fb9002e7248797695e4d51929bb) Importer(815301076,1909f56bfc062723c751e8b465ee728b) (PreviewImporter) -> (artifact id: '00000000000000000000000000000000') in 0.00036235 seconds
Import Error Code:(4)
Message: Build asset version error: assets/scripts/gridmanager.cs in SourceAssetDB has modification time of '2025-09-02T03:45:01Z' while content on disk has modification time of '2025-09-02T03:47:40Z'
  ERROR: Build asset version error: assets/scripts/gridmanager.cs in SourceAssetDB has modification time of '2025-09-02T03:45:01Z' while content on disk has modification time of '2025-09-02T03:47:40Z'
Number of updated asset objects reloaded before import = 0Number of asset objects unloaded after import = 0

========================================================================
Received Import Request.
  Time since last request: 0.000017 seconds.
  path: Assets/Scripts/GridManager.cs
  artifactKey: Guid(4c4b0fb9002e7248797695e4d51929bb) Importer(815301076,1909f56bfc062723c751e8b465ee728b)
Start importing Assets/Scripts/GridManager.cs using Guid(4c4b0fb9002e7248797695e4d51929bb) Importer(815301076,1909f56bfc062723c751e8b465ee728b) (PreviewImporter) -> (artifact id: '00000000000000000000000000000000') in 0.000380203 seconds
Import Error Code:(4)
Message: Build asset version error: assets/scripts/gridmanager.cs in SourceAssetDB has modification time of '2025-09-02T03:45:01Z' while content on disk has modification time of '2025-09-02T03:47:40Z'
  ERROR: Build asset version error: assets/scripts/gridmanager.cs in SourceAssetDB has modification time of '2025-09-02T03:45:01Z' while content on disk has modification time of '2025-09-02T03:47:40Z'
Number of updated asset objects reloaded before import = 0Number of asset objects unloaded after import = 0

========================================================================
Received Import Request.
  Time since last request: 0.000027 seconds.
  path: Assets/Scripts/GridManager.cs
  artifactKey: Guid(4c4b0fb9002e7248797695e4d51929bb) Importer(815301076,1909f56bfc062723c751e8b465ee728b)
Start importing Assets/Scripts/GridManager.cs using Guid(4c4b0fb9002e7248797695e4d51929bb) Importer(815301076,1909f56bfc062723c751e8b465ee728b) (PreviewImporter) -> (artifact id: '00000000000000000000000000000000') in 0.000360837 seconds
Import Error Code:(4)
Message: Build asset version error: assets/scripts/gridmanager.cs in SourceAssetDB has modification time of '2025-09-02T03:45:01Z' while content on disk has modification time of '2025-09-02T03:47:40Z'
  ERROR: Build asset version error: assets/scripts/gridmanager.cs in SourceAssetDB has modification time of '2025-09-02T03:45:01Z' while content on disk has modification time of '2025-09-02T03:47:40Z'
Number of updated asset objects reloaded before import = 0Number of asset objects unloaded after import = 0

========================================================================
Received Import Request.
  Time since last request: 0.000015 seconds.
  path: Assets/Scripts/GridManager.cs
  artifactKey: Guid(4c4b0fb9002e7248797695e4d51929bb) Importer(815301076,1909f56bfc062723c751e8b465ee728b)
Start importing Assets/Scripts/GridManager.cs using Guid(4c4b0fb9002e7248797695e4d51929bb) Importer(815301076,1909f56bfc062723c751e8b465ee728b) (PreviewImporter) -> (artifact id: '00000000000000000000000000000000') in 0.000395401 seconds
Import Error Code:(4)
Message: Build asset version error: assets/scripts/gridmanager.cs in SourceAssetDB has modification time of '2025-09-02T03:45:01Z' while content on disk has modification time of '2025-09-02T03:47:40Z'
  ERROR: Build asset version error: assets/scripts/gridmanager.cs in SourceAssetDB has modification time of '2025-09-02T03:45:01Z' while content on disk has modification time of '2025-09-02T03:47:40Z'
Number of updated asset objects reloaded before import = 0Number of asset objects unloaded after import = 0

========================================================================
Received Import Request.
  Time since last request: 0.000012 seconds.
  path: Assets/Scripts/GridManager.cs
  artifactKey: Guid(4c4b0fb9002e7248797695e4d51929bb) Importer(815301076,1909f56bfc062723c751e8b465ee728b)
Start importing Assets/Scripts/GridManager.cs using Guid(4c4b0fb9002e7248797695e4d51929bb) Importer(815301076,1909f56bfc062723c751e8b465ee728b) (PreviewImporter) -> (artifact id: '00000000000000000000000000000000') in 0.000430327 seconds
Import Error Code:(4)
Message: Build asset version error: assets/scripts/gridmanager.cs in SourceAssetDB has modification time of '2025-09-02T03:45:01Z' while content on disk has modification time of '2025-09-02T03:47:40Z'
  ERROR: Build asset version error: assets/scripts/gridmanager.cs in SourceAssetDB has modification time of '2025-09-02T03:45:01Z' while content on disk has modification time of '2025-09-02T03:47:40Z'
Number of updated asset objects reloaded before import = 0Number of asset objects unloaded after import = 0

========================================================================
Received Import Request.
  Time since last request: 0.000014 seconds.
  path: Assets/Scripts/GridManager.cs
  artifactKey: Guid(4c4b0fb9002e7248797695e4d51929bb) Importer(815301076,1909f56bfc062723c751e8b465ee728b)
Start importing Assets/Scripts/GridManager.cs using Guid(4c4b0fb9002e7248797695e4d51929bb) Importer(815301076,1909f56bfc062723c751e8b465ee728b) (PreviewImporter) -> (artifact id: '00000000000000000000000000000000') in 0.000371897 seconds
Import Error Code:(4)
Message: Build asset version error: assets/scripts/gridmanager.cs in SourceAssetDB has modification time of '2025-09-02T03:45:01Z' while content on disk has modification time of '2025-09-02T03:47:40Z'
  ERROR: Build asset version error: assets/scripts/gridmanager.cs in SourceAssetDB has modification time of '2025-09-02T03:45:01Z' while content on disk has modification time of '2025-09-02T03:47:40Z'
Number of updated asset objects reloaded before import = 0Number of asset objects unloaded after import = 0

========================================================================
Received Import Request.
  Time since last request: 0.000011 seconds.
  path: Assets/Scripts/GridManager.cs
  artifactKey: Guid(4c4b0fb9002e7248797695e4d51929bb) Importer(815301076,1909f56bfc062723c751e8b465ee728b)
Start importing Assets/Scripts/GridManager.cs using Guid(4c4b0fb9002e7248797695e4d51929bb) Importer(815301076,1909f56bfc062723c751e8b465ee728b) (PreviewImporter) -> (artifact id: '00000000000000000000000000000000') in 0.000361407 seconds
Import Error Code:(4)
Message: Build asset version error: assets/scripts/gridmanager.cs in SourceAssetDB has modification time of '2025-09-02T03:45:01Z' while content on disk has modification time of '2025-09-02T03:47:40Z'
  ERROR: Build asset version error: assets/scripts/gridmanager.cs in SourceAssetDB has modification time of '2025-09-02T03:45:01Z' while content on disk has modification time of '2025-09-02T03:47:40Z'
Number of updated asset objects reloaded before import = 0Number of asset objects unloaded after import = 0

========================================================================
Received Import Request.
  Time since last request: 0.000012 seconds.
  path: Assets/Scripts/GridManager.cs
  artifactKey: Guid(4c4b0fb9002e7248797695e4d51929bb) Importer(815301076,1909f56bfc062723c751e8b465ee728b)
Start importing Assets/Scripts/GridManager.cs using Guid(4c4b0fb9002e7248797695e4d51929bb) Importer(815301076,1909f56bfc062723c751e8b465ee728b) (PreviewImporter) -> (artifact id: '00000000000000000000000000000000') in 0.000297819 seconds
Import Error Code:(4)
Message: Build asset version error: assets/scripts/gridmanager.cs in SourceAssetDB has modification time of '2025-09-02T03:45:01Z' while content on disk has modification time of '2025-09-02T03:47:40Z'
  ERROR: Build asset version error: assets/scripts/gridmanager.cs in SourceAssetDB has modification time of '2025-09-02T03:45:01Z' while content on disk has modification time of '2025-09-02T03:47:40Z'
Number of updated asset objects reloaded before import = 0Number of asset objects unloaded after import = 0

========================================================================
Received Import Request.
  Time since last request: 0.000008 seconds.
  path: Assets/Scripts/GridManager.cs
  artifactKey: Guid(4c4b0fb9002e7248797695e4d51929bb) Importer(815301076,1909f56bfc062723c751e8b465ee728b)
Start importing Assets/Scripts/GridManager.cs using Guid(4c4b0fb9002e7248797695e4d51929bb) Importer(815301076,1909f56bfc062723c751e8b465ee728b) (PreviewImporter) -> (artifact id: '00000000000000000000000000000000') in 0.000301726 seconds
Import Error Code:(4)
Message: Build asset version error: assets/scripts/gridmanager.cs in SourceAssetDB has modification time of '2025-09-02T03:45:01Z' while content on disk has modification time of '2025-09-02T03:47:40Z'
  ERROR: Build asset version error: assets/scripts/gridmanager.cs in SourceAssetDB has modification time of '2025-09-02T03:45:01Z' while content on disk has modification time of '2025-09-02T03:47:40Z'
Number of updated asset objects reloaded before import = 0Number of asset objects unloaded after import = 0

========================================================================
Received Import Request.
  Time since last request: 0.000014 seconds.
  path: Assets/Scripts/GridManager.cs
  artifactKey: Guid(4c4b0fb9002e7248797695e4d51929bb) Importer(815301076,1909f56bfc062723c751e8b465ee728b)
Start importing Assets/Scripts/GridManager.cs using Guid(4c4b0fb9002e7248797695e4d51929bb) Importer(815301076,1909f56bfc062723c751e8b465ee728b) (PreviewImporter) -> (artifact id: '00000000000000000000000000000000') in 0.000375464 seconds
Import Error Code:(4)
Message: Build asset version error: assets/scripts/gridmanager.cs in SourceAssetDB has modification time of '2025-09-02T03:45:01Z' while content on disk has modification time of '2025-09-02T03:47:40Z'
  ERROR: Build asset version error: assets/scripts/gridmanager.cs in SourceAssetDB has modification time of '2025-09-02T03:45:01Z' while content on disk has modification time of '2025-09-02T03:47:40Z'
Number of updated asset objects reloaded before import = 0Number of asset objects unloaded after import = 0

========================================================================
Received Import Request.
  Time since last request: 0.000013 seconds.
  path: Assets/Scripts/GridManager.cs
  artifactKey: Guid(4c4b0fb9002e7248797695e4d51929bb) Importer(815301076,1909f56bfc062723c751e8b465ee728b)
Start importing Assets/Scripts/GridManager.cs using Guid(4c4b0fb9002e7248797695e4d51929bb) Importer(815301076,1909f56bfc062723c751e8b465ee728b) (PreviewImporter) -> (artifact id: '00000000000000000000000000000000') in 0.000376566 seconds
Import Error Code:(4)
Message: Build asset version error: assets/scripts/gridmanager.cs in SourceAssetDB has modification time of '2025-09-02T03:45:01Z' while content on disk has modification time of '2025-09-02T03:47:40Z'
  ERROR: Build asset version error: assets/scripts/gridmanager.cs in SourceAssetDB has modification time of '2025-09-02T03:45:01Z' while content on disk has modification time of '2025-09-02T03:47:40Z'
Number of updated asset objects reloaded before import = 0Number of asset objects unloaded after import = 0

========================================================================
Received Import Request.
  Time since last request: 0.000009 seconds.
  path: Assets/Scripts/GridManager.cs
  artifactKey: Guid(4c4b0fb9002e7248797695e4d51929bb) Importer(815301076,1909f56bfc062723c751e8b465ee728b)
Start importing Assets/Scripts/GridManager.cs using Guid(4c4b0fb9002e7248797695e4d51929bb) Importer(815301076,1909f56bfc062723c751e8b465ee728b) (PreviewImporter) -> (artifact id: '00000000000000000000000000000000') in 0.000370866 seconds
Import Error Code:(4)
Message: Build asset version error: assets/scripts/gridmanager.cs in SourceAssetDB has modification time of '2025-09-02T03:45:01Z' while content on disk has modification time of '2025-09-02T03:47:40Z'
  ERROR: Build asset version error: assets/scripts/gridmanager.cs in SourceAssetDB has modification time of '2025-09-02T03:45:01Z' while content on disk has modification time of '2025-09-02T03:47:40Z'
Number of updated asset objects reloaded before import = 0Number of asset objects unloaded after import = 0

========================================================================
Received Import Request.
  Time since last request: 0.000015 seconds.
  path: Assets/Scripts/GridManager.cs
  artifactKey: Guid(4c4b0fb9002e7248797695e4d51929bb) Importer(815301076,1909f56bfc062723c751e8b465ee728b)
Start importing Assets/Scripts/GridManager.cs using Guid(4c4b0fb9002e7248797695e4d51929bb) Importer(815301076,1909f56bfc062723c751e8b465ee728b) (PreviewImporter) -> (artifact id: '00000000000000000000000000000000') in 0.000381776 seconds
Import Error Code:(4)
Message: Build asset version error: assets/scripts/gridmanager.cs in SourceAssetDB has modification time of '2025-09-02T03:45:01Z' while content on disk has modification time of '2025-09-02T03:47:40Z'
  ERROR: Build asset version error: assets/scripts/gridmanager.cs in SourceAssetDB has modification time of '2025-09-02T03:45:01Z' while content on disk has modification time of '2025-09-02T03:47:40Z'
Number of updated asset objects reloaded before import = 0Number of asset objects unloaded after import = 0

========================================================================
Received Import Request.
  Time since last request: 0.000021 seconds.
  path: Assets/Scripts/GridManager.cs
  artifactKey: Guid(4c4b0fb9002e7248797695e4d51929bb) Importer(815301076,1909f56bfc062723c751e8b465ee728b)
Start importing Assets/Scripts/GridManager.cs using Guid(4c4b0fb9002e7248797695e4d51929bb) Importer(815301076,1909f56bfc062723c751e8b465ee728b) (PreviewImporter) -> (artifact id: '00000000000000000000000000000000') in 0.000359514 seconds
Import Error Code:(4)
Message: Build asset version error: assets/scripts/gridmanager.cs in SourceAssetDB has modification time of '2025-09-02T03:45:01Z' while content on disk has modification time of '2025-09-02T03:47:40Z'
  ERROR: Build asset version error: assets/scripts/gridmanager.cs in SourceAssetDB has modification time of '2025-09-02T03:45:01Z' while content on disk has modification time of '2025-09-02T03:47:40Z'
Number of updated asset objects reloaded before import = 0Number of asset objects unloaded after import = 0

========================================================================
Received Import Request.
  Time since last request: 0.000012 seconds.
  path: Assets/Scripts/GridManager.cs
  artifactKey: Guid(4c4b0fb9002e7248797695e4d51929bb) Importer(815301076,1909f56bfc062723c751e8b465ee728b)
Start importing Assets/Scripts/GridManager.cs using Guid(4c4b0fb9002e7248797695e4d51929bb) Importer(815301076,1909f56bfc062723c751e8b465ee728b) (PreviewImporter) -> (artifact id: '00000000000000000000000000000000') in 0.000357341 seconds
Import Error Code:(4)
Message: Build asset version error: assets/scripts/gridmanager.cs in SourceAssetDB has modification time of '2025-09-02T03:45:01Z' while content on disk has modification time of '2025-09-02T03:47:40Z'
  ERROR: Build asset version error: assets/scripts/gridmanager.cs in SourceAssetDB has modification time of '2025-09-02T03:45:01Z' while content on disk has modification time of '2025-09-02T03:47:40Z'
Number of updated asset objects reloaded before import = 0Number of asset objects unloaded after import = 0

========================================================================
Received Import Request.
  Time since last request: 0.000010 seconds.
  path: Assets/Scripts/GridManager.cs
  artifactKey: Guid(4c4b0fb9002e7248797695e4d51929bb) Importer(815301076,1909f56bfc062723c751e8b465ee728b)
Start importing Assets/Scripts/GridManager.cs using Guid(4c4b0fb9002e7248797695e4d51929bb) Importer(815301076,1909f56bfc062723c751e8b465ee728b) (PreviewImporter) -> (artifact id: '00000000000000000000000000000000') in 0.00035738 seconds
Import Error Code:(4)
Message: Build asset version error: assets/scripts/gridmanager.cs in SourceAssetDB has modification time of '2025-09-02T03:45:01Z' while content on disk has modification time of '2025-09-02T03:47:40Z'
  ERROR: Build asset version error: assets/scripts/gridmanager.cs in SourceAssetDB has modification time of '2025-09-02T03:45:01Z' while content on disk has modification time of '2025-09-02T03:47:40Z'
Number of updated asset objects reloaded before import = 0Number of asset objects unloaded after import = 0

========================================================================
Received Import Request.
  Time since last request: 0.000011 seconds.
  path: Assets/Scripts/GridManager.cs
  artifactKey: Guid(4c4b0fb9002e7248797695e4d51929bb) Importer(815301076,1909f56bfc062723c751e8b465ee728b)
Start importing Assets/Scripts/GridManager.cs using Guid(4c4b0fb9002e7248797695e4d51929bb) Importer(815301076,1909f56bfc062723c751e8b465ee728b) (PreviewImporter) -> (artifact id: '00000000000000000000000000000000') in 0.000356599 seconds
Import Error Code:(4)
Message: Build asset version error: assets/scripts/gridmanager.cs in SourceAssetDB has modification time of '2025-09-02T03:45:01Z' while content on disk has modification time of '2025-09-02T03:47:40Z'
  ERROR: Build asset version error: assets/scripts/gridmanager.cs in SourceAssetDB has modification time of '2025-09-02T03:45:01Z' while content on disk has modification time of '2025-09-02T03:47:40Z'
Number of updated asset objects reloaded before import = 0Number of asset objects unloaded after import = 0

========================================================================
Received Import Request.
  Time since last request: 0.000009 seconds.
  path: Assets/Scripts/GridManager.cs
  artifactKey: Guid(4c4b0fb9002e7248797695e4d51929bb) Importer(815301076,1909f56bfc062723c751e8b465ee728b)
Start importing Assets/Scripts/GridManager.cs using Guid(4c4b0fb9002e7248797695e4d51929bb) Importer(815301076,1909f56bfc062723c751e8b465ee728b) (PreviewImporter) -> (artifact id: '00000000000000000000000000000000') in 0.000267432 seconds
Import Error Code:(4)
Message: Build asset version error: assets/scripts/gridmanager.cs in SourceAssetDB has modification time of '2025-09-02T03:45:01Z' while content on disk has modification time of '2025-09-02T03:47:40Z'
  ERROR: Build asset version error: assets/scripts/gridmanager.cs in SourceAssetDB has modification time of '2025-09-02T03:45:01Z' while content on disk has modification time of '2025-09-02T03:47:40Z'
Number of updated asset objects reloaded before import = 0Number of asset objects unloaded after import = 0

========================================================================
Received Import Request.
  Time since last request: 0.000009 seconds.
  path: Assets/Scripts/GridManager.cs
  artifactKey: Guid(4c4b0fb9002e7248797695e4d51929bb) Importer(815301076,1909f56bfc062723c751e8b465ee728b)
Start importing Assets/Scripts/GridManager.cs using Guid(4c4b0fb9002e7248797695e4d51929bb) Importer(815301076,1909f56bfc062723c751e8b465ee728b) (PreviewImporter) -> (artifact id: '00000000000000000000000000000000') in 0.000248466 seconds
Import Error Code:(4)
Message: Build asset version error: assets/scripts/gridmanager.cs in SourceAssetDB has modification time of '2025-09-02T03:45:01Z' while content on disk has modification time of '2025-09-02T03:47:40Z'
  ERROR: Build asset version error: assets/scripts/gridmanager.cs in SourceAssetDB has modification time of '2025-09-02T03:45:01Z' while content on disk has modification time of '2025-09-02T03:47:40Z'
Number of updated asset objects reloaded before import = 0Number of asset objects unloaded after import = 0

========================================================================
Received Import Request.
  Time since last request: 0.000009 seconds.
  path: Assets/Scripts/GridManager.cs
  artifactKey: Guid(4c4b0fb9002e7248797695e4d51929bb) Importer(815301076,1909f56bfc062723c751e8b465ee728b)
Start importing Assets/Scripts/GridManager.cs using Guid(4c4b0fb9002e7248797695e4d51929bb) Importer(815301076,1909f56bfc062723c751e8b465ee728b) (PreviewImporter) -> (artifact id: '00000000000000000000000000000000') in 0.000274124 seconds
Import Error Code:(4)
Message: Build asset version error: assets/scripts/gridmanager.cs in SourceAssetDB has modification time of '2025-09-02T03:45:01Z' while content on disk has modification time of '2025-09-02T03:47:40Z'
  ERROR: Build asset version error: assets/scripts/gridmanager.cs in SourceAssetDB has modification time of '2025-09-02T03:45:01Z' while content on disk has modification time of '2025-09-02T03:47:40Z'
Number of updated asset objects reloaded before import = 0Number of asset objects unloaded after import = 0

========================================================================
Received Import Request.
  Time since last request: 0.000009 seconds.
  path: Assets/Scripts/GridManager.cs
  artifactKey: Guid(4c4b0fb9002e7248797695e4d51929bb) Importer(815301076,1909f56bfc062723c751e8b465ee728b)
Start importing Assets/Scripts/GridManager.cs using Guid(4c4b0fb9002e7248797695e4d51929bb) Importer(815301076,1909f56bfc062723c751e8b465ee728b) (PreviewImporter) -> (artifact id: '00000000000000000000000000000000') in 0.000252533 seconds
Import Error Code:(4)
Message: Build asset version error: assets/scripts/gridmanager.cs in SourceAssetDB has modification time of '2025-09-02T03:45:01Z' while content on disk has modification time of '2025-09-02T03:47:40Z'
  ERROR: Build asset version error: assets/scripts/gridmanager.cs in SourceAssetDB has modification time of '2025-09-02T03:45:01Z' while content on disk has modification time of '2025-09-02T03:47:40Z'
Number of updated asset objects reloaded before import = 0Number of asset objects unloaded after import = 0

========================================================================
Received Import Request.
  Time since last request: 0.000008 seconds.
  path: Assets/Scripts/GridManager.cs
  artifactKey: Guid(4c4b0fb9002e7248797695e4d51929bb) Importer(815301076,1909f56bfc062723c751e8b465ee728b)
Start importing Assets/Scripts/GridManager.cs using Guid(4c4b0fb9002e7248797695e4d51929bb) Importer(815301076,1909f56bfc062723c751e8b465ee728b) (PreviewImporter) -> (artifact id: '00000000000000000000000000000000') in 0.000242345 seconds
Import Error Code:(4)
Message: Build asset version error: assets/scripts/gridmanager.cs in SourceAssetDB has modification time of '2025-09-02T03:45:01Z' while content on disk has modification time of '2025-09-02T03:47:40Z'
  ERROR: Build asset version error: assets/scripts/gridmanager.cs in SourceAssetDB has modification time of '2025-09-02T03:45:01Z' while content on disk has modification time of '2025-09-02T03:47:40Z'
Number of updated asset objects reloaded before import = 0Number of asset objects unloaded after import = 0

========================================================================
Received Import Request.
  Time since last request: 0.000011 seconds.
  path: Assets/Scripts/GridManager.cs
  artifactKey: Guid(4c4b0fb9002e7248797695e4d51929bb) Importer(815301076,1909f56bfc062723c751e8b465ee728b)
Start importing Assets/Scripts/GridManager.cs using Guid(4c4b0fb9002e7248797695e4d51929bb) Importer(815301076,1909f56bfc062723c751e8b465ee728b) (PreviewImporter) -> (artifact id: '00000000000000000000000000000000') in 0.000362049 seconds
Import Error Code:(4)
Message: Build asset version error: assets/scripts/gridmanager.cs in SourceAssetDB has modification time of '2025-09-02T03:45:01Z' while content on disk has modification time of '2025-09-02T03:47:40Z'
  ERROR: Build asset version error: assets/scripts/gridmanager.cs in SourceAssetDB has modification time of '2025-09-02T03:45:01Z' while content on disk has modification time of '2025-09-02T03:47:40Z'
Number of updated asset objects reloaded before import = 0Number of asset objects unloaded after import = 0

========================================================================
Received Prepare
Shader Hidden/ProbeVolume/VoxelizeScene is not supported: GPU does not support conservative rasterization
Refreshing native plugins compatible for Editor in 0.55 ms, found 0 plugins.
Preloading 0 native plugins for Editor in 0.00 ms.
Unloading 14 Unused Serialized files (Serialized files now loaded: 0)
Unloading 6091 unused Assets / (3.3 MB). Loaded Objects now: 6831.
Memory consumption went from 126.2 MB to 122.9 MB.
Total: 9.954298 ms (FindLiveObjects: 0.944351 ms CreateObjectMapping: 0.350577 ms MarkObjects: 6.145104 ms  DeleteObjects: 2.513424 ms)

Prepare: number of updated asset objects reloaded= 0
========================================================================
Received Import Request.
  Time since last request: 2.181578 seconds.
  path: Assets/Scripts/GridManager.cs
  artifactKey: Guid(4c4b0fb9002e7248797695e4d51929bb) Importer(815301076,1909f56bfc062723c751e8b465ee728b)
Start importing Assets/Scripts/GridManager.cs using Guid(4c4b0fb9002e7248797695e4d51929bb) Importer(815301076,1909f56bfc062723c751e8b465ee728b) (PreviewImporter) -> (artifact id: 'e66b99715b43e294ddaef35ad45b934a') in 0.000638638 seconds
Number of updated asset objects reloaded before import = 0Number of asset objects unloaded after import = 0

========================================================================
Received Prepare
Begin MonoManager ReloadAssembly
[Licensing::Client] Successfully resolved entitlement details
- Loaded All Assemblies, in  0.587 seconds
Refreshing native plugins compatible for Editor in 0.36 ms, found 0 plugins.
Native extension for LinuxStandalone target not found
[Package Manager] Failed to launch server process. Reason: Unity was launched with the -noUpm command-line argument
[Package Manager] Unable to send message (not connected to server process).
[Package Manager] Cannot connect to Unity Package Manager local server
Mono: successfully reloaded assembly
- Finished resetting the current domain, in  0.634 seconds
Domain Reload Profiling: 1222ms
	BeginReloadAssembly (143ms)
		ExecutionOrderSort (0ms)
		DisableScriptedObjects (7ms)
		BackupInstance (0ms)
		ReleaseScriptingObjects (0ms)
		CreateAndSetChildDomain (40ms)
	RebuildCommonClasses (39ms)
	RebuildNativeTypeToScriptingClass (10ms)
	initialDomainReloadingComplete (27ms)
	LoadAllAssembliesAndSetupDomain (369ms)
		LoadAssemblies (236ms)
		RebuildTransferFunctionScriptingTraits (0ms)
		AnalyzeDomain (177ms)
			TypeCache.Refresh (11ms)
				TypeCache.ScanAssembly (0ms)
			BuildScriptInfoCaches (155ms)
			ResolveRequiredComponents (10ms)
	FinalizeReload (635ms)
		ReleaseScriptCaches (0ms)
		RebuildScriptCaches (0ms)
		SetupLoadedEditorAssemblies (489ms)
			LogAssemblyErrors (0ms)
			InitializePlatformSupportModulesInManaged (2ms)
			SetLoadedEditorAssemblies (5ms)
			BeforeProcessingInitializeOnLoad (140ms)
			ProcessInitializeOnLoadAttributes (289ms)
			ProcessInitializeOnLoadMethodAttributes (48ms)
			AfterProcessingInitializeOnLoad (5ms)
			EditorAssembliesLoaded (0ms)
		ExecutionOrderSort2 (0ms)
		AwakeInstancesAfterBackupRestoration (13ms)
Shader Hidden/ProbeVolume/VoxelizeScene is not supported: GPU does not support conservative rasterization
Refreshing native plugins compatible for Editor in 0.41 ms, found 0 plugins.
Preloading 0 native plugins for Editor in 0.00 ms.
Unloading 14 Unused Serialized files (Serialized files now loaded: 0)
Unloading 6098 unused Assets / (4.0 MB). Loaded Objects now: 6833.
Memory consumption went from 126.0 MB to 122.1 MB.
Total: 8.620827 ms (FindLiveObjects: 0.845866 ms CreateObjectMapping: 0.286457 ms MarkObjects: 5.440874 ms  DeleteObjects: 2.046849 ms)

Prepare: number of updated asset objects reloaded= 0
========================================================================
Received Prepare
Begin MonoManager ReloadAssembly
- Loaded All Assemblies, in  0.574 seconds
Refreshing native plugins compatible for Editor in 0.33 ms, found 0 plugins.
Native extension for LinuxStandalone target not found
[Package Manager] Failed to launch server process. Reason: Unity was launched with the -noUpm command-line argument
[Package Manager] Unable to send message (not connected to server process).
[Package Manager] Cannot connect to Unity Package Manager local server
Mono: successfully reloaded assembly
- Finished resetting the current domain, in  0.641 seconds
Domain Reload Profiling: 1217ms
	BeginReloadAssembly (146ms)
		ExecutionOrderSort (0ms)
		DisableScriptedObjects (6ms)
		BackupInstance (0ms)
		ReleaseScriptingObjects (0ms)
		CreateAndSetChildDomain (43ms)
	RebuildCommonClasses (42ms)
	RebuildNativeTypeToScriptingClass (10ms)
	initialDomainReloadingComplete (27ms)
	LoadAllAssembliesAndSetupDomain (351ms)
		LoadAssemblies (218ms)
		RebuildTransferFunctionScriptingTraits (0ms)
		AnalyzeDomain (175ms)
			TypeCache.Refresh (7ms)
				TypeCache.ScanAssembly (0ms)
			BuildScriptInfoCaches (156ms)
			ResolveRequiredComponents (10ms)
	FinalizeReload (642ms)
		ReleaseScriptCaches (0ms)
		RebuildScriptCaches (0ms)
		SetupLoadedEditorAssemblies (495ms)
			LogAssemblyErrors (0ms)
			InitializePlatformSupportModulesInManaged (2ms)
			SetLoadedEditorAssemblies (5ms)
			BeforeProcessingInitializeOnLoad (120ms)
			ProcessInitializeOnLoadAttributes (311ms)
			ProcessInitializeOnLoadMethodAttributes (51ms)
			AfterProcessingInitializeOnLoad (5ms)
			EditorAssembliesLoaded (0ms)
		ExecutionOrderSort2 (0ms)
		AwakeInstancesAfterBackupRestoration (13ms)
Shader Hidden/ProbeVolume/VoxelizeScene is not supported: GPU does not support conservative rasterization
Refreshing native plugins compatible for Editor in 0.42 ms, found 0 plugins.
Preloading 0 native plugins for Editor in 0.00 ms.
Unloading 14 Unused Serialized files (Serialized files now loaded: 0)
Unloading 6098 unused Assets / (4.8 MB). Loaded Objects now: 6835.
Memory consumption went from 126.1 MB to 121.3 MB.
Total: 9.682689 ms (FindLiveObjects: 0.816912 ms CreateObjectMapping: 0.314590 ms MarkObjects: 6.077438 ms  DeleteObjects: 2.472687 ms)

Prepare: number of updated asset objects reloaded= 0
========================================================================
Received Prepare
Shader Hidden/ProbeVolume/VoxelizeScene is not supported: GPU does not support conservative rasterization
Refreshing native plugins compatible for Editor in 0.49 ms, found 0 plugins.
Preloading 0 native plugins for Editor in 0.00 ms.
Unloading 14 Unused Serialized files (Serialized files now loaded: 0)
Unloading 6091 unused Assets / (4.7 MB). Loaded Objects now: 6835.
Memory consumption went from 126.3 MB to 121.6 MB.
Total: 11.465492 ms (FindLiveObjects: 0.991509 ms CreateObjectMapping: 0.328106 ms MarkObjects: 7.344163 ms  DeleteObjects: 2.800331 ms)

Prepare: number of updated asset objects reloaded= 0
========================================================================
Received Import Request.
  Time since last request: 153.335119 seconds.
  path: Assets/Scripts/PlayerMovement.cs
  artifactKey: Guid(2a9d3011af03b4e56a49601b0893d78a) Importer(815301076,1909f56bfc062723c751e8b465ee728b)
Start importing Assets/Scripts/PlayerMovement.cs using Guid(2a9d3011af03b4e56a49601b0893d78a) Importer(815301076,1909f56bfc062723c751e8b465ee728b) (PreviewImporter) -> (artifact id: '03aa57c29a09875624dc1986bba31f82') in 0.00161056 seconds
Number of updated asset objects reloaded before import = 0Number of asset objects unloaded after import = 0

========================================================================
Received Prepare
Begin MonoManager ReloadAssembly
[Licensing::Client] Successfully resolved entitlement details
- Loaded All Assemblies, in  0.585 seconds
Refreshing native plugins compatible for Editor in 0.32 ms, found 0 plugins.
Native extension for LinuxStandalone target not found
[Package Manager] Failed to launch server process. Reason: Unity was launched with the -noUpm command-line argument
[Package Manager] Unable to send message (not connected to server process).
[Package Manager] Cannot connect to Unity Package Manager local server
Mono: successfully reloaded assembly
- Finished resetting the current domain, in  0.620 seconds
Domain Reload Profiling: 1206ms
	BeginReloadAssembly (157ms)
		ExecutionOrderSort (0ms)
		DisableScriptedObjects (5ms)
		BackupInstance (0ms)
		ReleaseScriptingObjects (0ms)
		CreateAndSetChildDomain (61ms)
	RebuildCommonClasses (39ms)
	RebuildNativeTypeToScriptingClass (10ms)
	initialDomainReloadingComplete (26ms)
	LoadAllAssembliesAndSetupDomain (354ms)
		LoadAssemblies (220ms)
		RebuildTransferFunctionScriptingTraits (0ms)
		AnalyzeDomain (173ms)
			TypeCache.Refresh (9ms)
				TypeCache.ScanAssembly (0ms)
			BuildScriptInfoCaches (152ms)
			ResolveRequiredComponents (10ms)
	FinalizeReload (620ms)
		ReleaseScriptCaches (0ms)
		RebuildScriptCaches (0ms)
		SetupLoadedEditorAssemblies (479ms)
			LogAssemblyErrors (0ms)
			InitializePlatformSupportModulesInManaged (2ms)
			SetLoadedEditorAssemblies (5ms)
			BeforeProcessingInitializeOnLoad (124ms)
			ProcessInitializeOnLoadAttributes (299ms)
			ProcessInitializeOnLoadMethodAttributes (44ms)
			AfterProcessingInitializeOnLoad (5ms)
			EditorAssembliesLoaded (0ms)
		ExecutionOrderSort2 (0ms)
		AwakeInstancesAfterBackupRestoration (11ms)
Shader Hidden/ProbeVolume/VoxelizeScene is not supported: GPU does not support conservative rasterization
Refreshing native plugins compatible for Editor in 0.40 ms, found 0 plugins.
Preloading 0 native plugins for Editor in 0.00 ms.
Unloading 14 Unused Serialized files (Serialized files now loaded: 0)
Unloading 6098 unused Assets / (4.8 MB). Loaded Objects now: 6837.
Memory consumption went from 126.1 MB to 121.3 MB.
Total: 8.747324 ms (FindLiveObjects: 0.741260 ms CreateObjectMapping: 0.270046 ms MarkObjects: 5.246510 ms  DeleteObjects: 2.488397 ms)

Prepare: number of updated asset objects reloaded= 0
========================================================================
Received Prepare
Begin MonoManager ReloadAssembly
- Loaded All Assemblies, in  0.581 seconds
Refreshing native plugins compatible for Editor in 0.33 ms, found 0 plugins.
Native extension for LinuxStandalone target not found
[Package Manager] Failed to launch server process. Reason: Unity was launched with the -noUpm command-line argument
[Package Manager] Unable to send message (not connected to server process).
[Package Manager] Cannot connect to Unity Package Manager local server
Mono: successfully reloaded assembly
- Finished resetting the current domain, in  0.631 seconds
Domain Reload Profiling: 1213ms
	BeginReloadAssembly (144ms)
		ExecutionOrderSort (0ms)
		DisableScriptedObjects (5ms)
		BackupInstance (0ms)
		ReleaseScriptingObjects (0ms)
		CreateAndSetChildDomain (45ms)
	RebuildCommonClasses (40ms)
	RebuildNativeTypeToScriptingClass (10ms)
	initialDomainReloadingComplete (27ms)
	LoadAllAssembliesAndSetupDomain (361ms)
		LoadAssemblies (230ms)
		RebuildTransferFunctionScriptingTraits (0ms)
		AnalyzeDomain (175ms)
			TypeCache.Refresh (7ms)
				TypeCache.ScanAssembly (0ms)
			BuildScriptInfoCaches (154ms)
			ResolveRequiredComponents (11ms)
	FinalizeReload (631ms)
		ReleaseScriptCaches (0ms)
		RebuildScriptCaches (0ms)
		SetupLoadedEditorAssemblies (483ms)
			LogAssemblyErrors (0ms)
			InitializePlatformSupportModulesInManaged (2ms)
			SetLoadedEditorAssemblies (5ms)
			BeforeProcessingInitializeOnLoad (133ms)
			ProcessInitializeOnLoadAttributes (286ms)
			ProcessInitializeOnLoadMethodAttributes (52ms)
			AfterProcessingInitializeOnLoad (5ms)
			EditorAssembliesLoaded (0ms)
		ExecutionOrderSort2 (0ms)
		AwakeInstancesAfterBackupRestoration (13ms)
Shader Hidden/ProbeVolume/VoxelizeScene is not supported: GPU does not support conservative rasterization
Refreshing native plugins compatible for Editor in 0.40 ms, found 0 plugins.
Preloading 0 native plugins for Editor in 0.00 ms.
Unloading 14 Unused Serialized files (Serialized files now loaded: 0)
Unloading 6098 unused Assets / (4.0 MB). Loaded Objects now: 6839.
Memory consumption went from 126.2 MB to 122.2 MB.
Total: 8.740702 ms (FindLiveObjects: 0.747683 ms CreateObjectMapping: 0.289593 ms MarkObjects: 5.735386 ms  DeleteObjects: 1.966939 ms)

Prepare: number of updated asset objects reloaded= 0
